<?xml version="1.0" encoding="UTF-8"?>
<!-- Generated by org.testng.reporters.JUnitReportReporter -->
<testsuite hostname="DESKTOP-8D2QL46" failures="0" tests="3" name="com.CRMPageTest.HomePageTest" time="0.013" errors="0" timestamp="2024-05-07T21:21:23 IST" skipped="2">
  <testcase classname="com.CRMPageTest.HomePageTest" name="VerifyURL" time="0.013"/>
  <system-out/>
  <testcase classname="com.CRMPageTest.HomePageTest" name="VerifyTitle">
    <skipped/>
  </testcase> <!-- VerifyTitle -->
  <system-out/>
  <testcase classname="com.CRMPageTest.HomePageTest" name="VerifySignin">
    <skipped/>
  </testcase> <!-- VerifySignin -->
  <system-out/>
</testsuite> <!-- com.CRMPageTest.HomePageTest -->
