<?xml version="1.0" encoding="UTF-8"?>
<!-- Generated by org.testng.reporters.JUnitReportReporter -->
<testsuite hostname="DESKTOP-8D2QL46" failures="0" tests="1" name="com.CRMPageTest.LoginPageTest" time="0.422" errors="0" timestamp="2024-05-08T14:02:58 IST" skipped="0">
  <testcase classname="com.CRMPageTest.LoginPageTest" name="VerifyLogin" time="0.422"/>
  <system-out/>
</testsuite> <!-- com.CRMPageTest.LoginPageTest -->
