<?xml version="1.0" encoding="UTF-8"?>
<!-- Generated by org.testng.reporters.JUnitReportReporter -->
<testsuite hostname="DESKTOP-8D2QL46" failures="0" tests="3" name="com.CRMPageTest.HomePageTest" time="1.111" errors="0" timestamp="2024-05-09T21:09:53 IST" skipped="0">
  <testcase classname="com.CRMPageTest.HomePageTest" name="VerifyURL" time="0.013"/>
  <system-out/>
  <testcase classname="com.CRMPageTest.HomePageTest" name="VerifyTitle" time="0.004"/>
  <system-out/>
  <testcase classname="com.CRMPageTest.HomePageTest" name="VerifySignin" time="1.094"/>
  <system-out/>
</testsuite> <!-- com.CRMPageTest.HomePageTest -->
