<?xml version="1.0" encoding="UTF-8"?>
<!-- Generated by org.testng.reporters.JUnitReportReporter -->
<testsuite hostname="DESKTOP-8D2QL46" failures="0" tests="1" name="com.CRMPageTest.LoginPageTest" time="3.075" errors="0" timestamp="2024-05-09T21:09:53 IST" skipped="0">
  <testcase classname="com.CRMPageTest.LoginPageTest" name="VerifyLogin" time="3.075"/>
  <system-out/>
</testsuite> <!-- com.CRMPageTest.LoginPageTest -->
