<?xml version="1.0" encoding="UTF-8"?>
<!-- Generated by org.testng.reporters.JUnitReportReporter -->
<testsuite hostname="DESKTOP-8D2QL46" failures="0" tests="3" name="com.CrossBrowser.NewTest" time="9.258" errors="0" timestamp="2024-05-09T21:44:56 IST" skipped="0">
  <testcase classname="com.CrossBrowser.NewTest" name="CrossBrowser" time="4.602"/>
  <system-out/>
  <testcase classname="com.CrossBrowser.NewTest" name="CrossBrowser" time="2.177"/>
  <system-out/>
  <testcase classname="com.CrossBrowser.NewTest" name="CrossBrowser" time="2.479"/>
  <system-out/>
</testsuite> <!-- com.CrossBrowser.NewTest -->
