<?xml version="1.0" encoding="UTF-8"?>
<!-- Generated by org.testng.reporters.JUnitReportReporter -->
<testsuite hostname="DESKTOP-8D2QL46" failures="0" tests="3" name="com.CRMPageTest.HomePageTest" time="0.840" errors="0" timestamp="2024-05-10T08:17:13 IST" skipped="0">
  <testcase classname="com.CRMPageTest.HomePageTest" name="VerifyURL" time="0.010"/>
  <system-out/>
  <testcase classname="com.CRMPageTest.HomePageTest" name="VerifyTitle" time="0.003"/>
  <system-out/>
  <testcase classname="com.CRMPageTest.HomePageTest" name="VerifySignin" time="0.827"/>
  <system-out/>
</testsuite> <!-- com.CRMPageTest.HomePageTest -->
