<?xml version="1.0" encoding="UTF-8"?>
<!-- Generated by org.testng.reporters.JUnitReportReporter -->
<testsuite hostname="DESKTOP-8D2QL46" failures="0" tests="3" name="com.CRMPageTest.HomePageTest" time="0.791" errors="0" timestamp="2024-05-08T21:45:05 IST" skipped="0">
  <testcase classname="com.CRMPageTest.HomePageTest" name="VerifyURL" time="0.010"/>
  <system-out/>
  <testcase classname="com.CRMPageTest.HomePageTest" name="VerifyTitle" time="0.004"/>
  <system-out/>
  <testcase classname="com.CRMPageTest.HomePageTest" name="VerifySignin" time="0.777"/>
  <system-out/>
</testsuite> <!-- com.CRMPageTest.HomePageTest -->
