<?xml version="1.0" encoding="UTF-8"?>
<!-- Generated by org.testng.reporters.JUnitReportReporter -->
<testsuite hostname="DESKTOP-8D2QL46" failures="0" tests="3" name="com.CrossBrowser.NewTest" time="15.837" errors="0" timestamp="2024-05-12T10:27:46 IST" skipped="0">
  <testcase classname="com.CrossBrowser.NewTest" name="CrossBrowser" time="5.878"/>
  <system-out/>
  <testcase classname="com.CrossBrowser.NewTest" name="CrossBrowser" time="6.330"/>
  <system-out/>
  <testcase classname="com.CrossBrowser.NewTest" name="CrossBrowser" time="3.629"/>
  <system-out/>
</testsuite> <!-- com.CrossBrowser.NewTest -->
